This is pdfTeX, Version 3.14159265-2.6-1.40.19 (MiKTeX 2.9.6880 64-bit) (preloaded format=pdflatex 2018.11.26)  30 JAN 2020 14:13
entering extended mode
**"C:/Users/User/Dropbox/PhD project/Gaussian-RF-paper/1st paper.tex"
("C:/Users/User/Dropbox/PhD project/Gaussian-RF-paper/1st paper.tex"
LaTeX2e <2018-04-01> patch level 5
("C:\Users\User\AppData\Local\Programs\MiKTeX 2.9\tex\latex\base\article.cls"
Document Class: article 2014/09/29 v1.4h Standard LaTeX document class
("C:\Users\User\AppData\Local\Programs\MiKTeX 2.9\tex\latex\base\size12.clo"
File: size12.clo 2014/09/29 v1.4h Standard LaTeX file (size option)
)
\c@part=\count80
\c@section=\count81
\c@subsection=\count82
\c@subsubsection=\count83
\c@paragraph=\count84
\c@subparagraph=\count85
\c@figure=\count86
\c@table=\count87
\abovecaptionskip=\skip41
\belowcaptionskip=\skip42
\bibindent=\dimen102
)
("C:/Users/User/Dropbox/PhD project/Gaussian-RF-paper\jcappub.sty"
Package: jcappub 2012/08/02 r764

("C:\Users\User\AppData\Local\Programs\MiKTeX 2.9\tex\latex\amsmath\amsmath.sty
"
Package: amsmath 2017/09/02 v2.17a AMS math features
\@mathmargin=\skip43

For additional information on amsmath, use the `?' option.
("C:\Users\User\AppData\Local\Programs\MiKTeX 2.9\tex\latex\amsmath\amstext.sty
"
Package: amstext 2000/06/29 v2.01 AMS text
 ("C:\Users\User\AppData\Local\Programs\MiKTeX 2.9\tex\latex\amsmath\amsgen.sty
"
File: amsgen.sty 1999/11/30 v2.0 generic functions
\@emptytoks=\toks14
\ex@=\dimen103
))
("C:\Users\User\AppData\Local\Programs\MiKTeX 2.9\tex\latex\amsmath\amsbsy.sty"
Package: amsbsy 1999/11/29 v1.2d Bold Symbols
\pmbraise@=\dimen104
) ("C:\Users\User\AppData\Local\Programs\MiKTeX 2.9\tex\latex\amsmath\amsopn.st
y"
Package: amsopn 2016/03/08 v2.02 operator names
)
\inf@bad=\count88
LaTeX Info: Redefining \frac on input line 213.
\uproot@=\count89
\leftroot@=\count90
LaTeX Info: Redefining \overline on input line 375.
\classnum@=\count91
\DOTSCASE@=\count92
LaTeX Info: Redefining \ldots on input line 472.
LaTeX Info: Redefining \dots on input line 475.
LaTeX Info: Redefining \cdots on input line 596.
\Mathstrutbox@=\box26
\strutbox@=\box27
\big@size=\dimen105
LaTeX Font Info:    Redeclaring font encoding OML on input line 712.
LaTeX Font Info:    Redeclaring font encoding OMS on input line 713.
\macc@depth=\count93
\c@MaxMatrixCols=\count94
\dotsspace@=\muskip10
\c@parentequation=\count95
\dspbrk@lvl=\count96
\tag@help=\toks15
\row@=\count97
\column@=\count98
\maxfields@=\count99
\andhelp@=\toks16
\eqnshift@=\dimen106
\alignsep@=\dimen107
\tagshift@=\dimen108
\tagwidth@=\dimen109
\totwidth@=\dimen110
\lineht@=\dimen111
\@envbody=\toks17
\multlinegap=\skip44
\multlinetaggap=\skip45
\mathdisplay@stack=\toks18
LaTeX Info: Redefining \[ on input line 2817.
LaTeX Info: Redefining \] on input line 2818.
)
("C:\Users\User\AppData\Local\Programs\MiKTeX 2.9\tex\latex\amsfonts\amssymb.st
y"
Package: amssymb 2013/01/14 v3.01 AMS font symbols

("C:\Users\User\AppData\Local\Programs\MiKTeX 2.9\tex\latex\amsfonts\amsfonts.s
ty"
Package: amsfonts 2013/01/14 v3.01 Basic AMSFonts support
\symAMSa=\mathgroup4
\symAMSb=\mathgroup5
LaTeX Font Info:    Overwriting math alphabet `\mathfrak' in version `bold'
(Font)                  U/euf/m/n --> U/euf/b/n on input line 106.
))
("C:\Users\User\AppData\Local\Programs\MiKTeX 2.9\tex\latex\graphics\epsfig.sty
"
Package: epsfig 2017/06/25 v1.7b (e)psfig emulation (SPQR)

("C:\Users\User\AppData\Local\Programs\MiKTeX 2.9\tex\latex\graphics\graphicx.s
ty"
Package: graphicx 2017/06/01 v1.1a Enhanced LaTeX Graphics (DPC,SPQR)

("C:\Users\User\AppData\Local\Programs\MiKTeX 2.9\tex\latex\graphics\keyval.sty
"
Package: keyval 2014/10/28 v1.15 key=value parser (DPC)
\KV@toks@=\toks19
)
("C:\Users\User\AppData\Local\Programs\MiKTeX 2.9\tex\latex\graphics\graphics.s
ty"
Package: graphics 2017/06/25 v1.2c Standard LaTeX Graphics (DPC,SPQR)

("C:\Users\User\AppData\Local\Programs\MiKTeX 2.9\tex\latex\graphics\trig.sty"
Package: trig 2016/01/03 v1.10 sin cos tan (DPC)
)
("C:\Users\User\AppData\Local\Programs\MiKTeX 2.9\tex\latex\graphics-cfg\graphi
cs.cfg"
File: graphics.cfg 2016/06/04 v1.11 sample graphics configuration
)
Package graphics Info: Driver file: pdftex.def on input line 99.

("C:\Users\User\AppData\Local\Programs\MiKTeX 2.9\tex\latex\graphics-def\pdftex
.def"
File: pdftex.def 2018/01/08 v1.0l Graphics/color driver for pdftex
))
\Gin@req@height=\dimen112
\Gin@req@width=\dimen113
)
\epsfxsize=\dimen114
\epsfysize=\dimen115
)
("C:\Users\User\AppData\Local\Programs\MiKTeX 2.9\tex\latex\natbib\natbib.sty"
Package: natbib 2010/09/13 8.31b (PWD, AO)
\bibhang=\skip46
\bibsep=\skip47
LaTeX Info: Redefining \cite on input line 694.
\c@NAT@ctr=\count100
) ("C:\Users\User\AppData\Local\Programs\MiKTeX 2.9\tex\latex\graphics\color.st
y"
Package: color 2016/07/10 v1.1e Standard LaTeX Color (DPC)

("C:\Users\User\AppData\Local\Programs\MiKTeX 2.9\tex\latex\graphics-cfg\color.
cfg"
File: color.cfg 2016/01/02 v1.6 sample color configuration
)
Package color Info: Driver file: pdftex.def on input line 147.
)
("C:\Users\User\AppData\Local\Programs\MiKTeX 2.9\tex\latex\hyperref\hyperref.s
ty"
Package: hyperref 2018/09/30 v6.88a Hypertext links for LaTeX

("C:\Users\User\AppData\Local\Programs\MiKTeX 2.9\tex\generic\oberdiek\hobsub-h
yperref.sty"
Package: hobsub-hyperref 2016/05/16 v1.14 Bundle oberdiek, subset hyperref (HO)


("C:\Users\User\AppData\Local\Programs\MiKTeX 2.9\tex\generic\oberdiek\hobsub-g
eneric.sty"
Package: hobsub-generic 2016/05/16 v1.14 Bundle oberdiek, subset generic (HO)
Package: hobsub 2016/05/16 v1.14 Construct package bundles (HO)
Package: infwarerr 2016/05/16 v1.4 Providing info/warning/error messages (HO)
Package: ltxcmds 2016/05/16 v1.23 LaTeX kernel commands for general use (HO)
Package: ifluatex 2016/05/16 v1.4 Provides the ifluatex switch (HO)
Package ifluatex Info: LuaTeX not detected.
Package: ifvtex 2016/05/16 v1.6 Detect VTeX and its facilities (HO)
Package ifvtex Info: VTeX not detected.
Package: intcalc 2016/05/16 v1.2 Expandable calculations with integers (HO)
Package: ifpdf 2018/09/07 v3.3 Provides the ifpdf switch
Package: etexcmds 2016/05/16 v1.6 Avoid name clashes with e-TeX commands (HO)
Package: kvsetkeys 2016/05/16 v1.17 Key value parser (HO)
Package: kvdefinekeys 2016/05/16 v1.4 Define keys (HO)
Package: pdftexcmds 2018/09/10 v0.29 Utility functions of pdfTeX for LuaTeX (HO
)
Package pdftexcmds Info: LuaTeX not detected.
Package pdftexcmds Info: \pdf@primitive is available.
Package pdftexcmds Info: \pdf@ifprimitive is available.
Package pdftexcmds Info: \pdfdraftmode found.
Package: pdfescape 2016/05/16 v1.14 Implements pdfTeX's escape features (HO)
Package: bigintcalc 2016/05/16 v1.4 Expandable calculations on big integers (HO
)
Package: bitset 2016/05/16 v1.2 Handle bit-vector datatype (HO)
Package: uniquecounter 2016/05/16 v1.3 Provide unlimited unique counter (HO)
)
Package hobsub Info: Skipping package `hobsub' (already loaded).
Package: letltxmacro 2016/05/16 v1.5 Let assignment for LaTeX macros (HO)
Package: hopatch 2016/05/16 v1.3 Wrapper for package hooks (HO)
Package: xcolor-patch 2016/05/16 xcolor patch
Package: atveryend 2016/05/16 v1.9 Hooks at the very end of document (HO)
Package atveryend Info: \enddocument detected (standard20110627).
Package: atbegshi 2016/06/09 v1.18 At begin shipout hook (HO)
Package: refcount 2016/05/16 v3.5 Data extraction from label references (HO)
Package: hycolor 2016/05/16 v1.8 Color options for hyperref/bookmark (HO)
)
("C:\Users\User\AppData\Local\Programs\MiKTeX 2.9\tex\generic\ifxetex\ifxetex.s
ty"
Package: ifxetex 2010/09/12 v0.6 Provides ifxetex conditional
)
("C:\Users\User\AppData\Local\Programs\MiKTeX 2.9\tex\latex\oberdiek\auxhook.st
y"
Package: auxhook 2016/05/16 v1.4 Hooks for auxiliary files (HO)
)
("C:\Users\User\AppData\Local\Programs\MiKTeX 2.9\tex\latex\oberdiek\kvoptions.
sty"
Package: kvoptions 2016/05/16 v3.12 Key value format for package options (HO)
)
\@linkdim=\dimen116
\Hy@linkcounter=\count101
\Hy@pagecounter=\count102

("C:\Users\User\AppData\Local\Programs\MiKTeX 2.9\tex\latex\hyperref\pd1enc.def
"
File: pd1enc.def 2018/09/30 v6.88a Hyperref: PDFDocEncoding definition (HO)
Now handling font encoding PD1 ...
... no UTF-8 mapping file for font encoding PD1
)
\Hy@SavedSpaceFactor=\count103

("C:\Users\User\AppData\Local\Programs\MiKTeX 2.9\tex\latex\00miktex\hyperref.c
fg"
File: hyperref.cfg 2002/06/06 v1.2 hyperref configuration of TeXLive
)
Package hyperref Info: Option `colorlinks' set `true' on input line 4409.


Package hyperref Warning: Option `pagecolor' is not available anymore.

Package hyperref Info: Option `linktocpage' set `true' on input line 4409.
Package hyperref Info: Option `pdfa' set `true' on input line 4409.
Package hyperref Info: Hyper figures OFF on input line 4535.
Package hyperref Info: Link nesting OFF on input line 4540.
Package hyperref Info: Hyper index ON on input line 4543.
Package hyperref Info: Plain pages OFF on input line 4550.
Package hyperref Info: Backreferencing OFF on input line 4555.
Package hyperref Info: Implicit mode ON; LaTeX internals redefined.
Package hyperref Info: Bookmarks ON on input line 4788.
\c@Hy@tempcnt=\count104
("C:\Users\User\AppData\Local\Programs\MiKTeX 2.9\tex\latex\url\url.sty"
\Urlmuskip=\muskip11
Package: url 2013/09/16  ver 3.4  Verb mode for urls, etc.
)
LaTeX Info: Redefining \url on input line 5141.
\XeTeXLinkMargin=\dimen117
\Fld@menulength=\count105
\Field@Width=\dimen118
\Fld@charsize=\dimen119
Package hyperref Info: Hyper figures OFF on input line 6396.
Package hyperref Info: Link nesting OFF on input line 6401.
Package hyperref Info: Hyper index ON on input line 6404.
Package hyperref Info: backreferencing OFF on input line 6411.
Package hyperref Info: Link coloring ON on input line 6414.
Package hyperref Info: Link coloring with OCG OFF on input line 6421.
Package hyperref Info: PDF/A mode ON on input line 6424.
LaTeX Info: Redefining \ref on input line 6466.
LaTeX Info: Redefining \pageref on input line 6470.
\Hy@abspage=\count106
\c@Item=\count107
\c@Hfootnote=\count108
)
Package hyperref Info: Driver (autodetected): hpdftex.

("C:\Users\User\AppData\Local\Programs\MiKTeX 2.9\tex\latex\hyperref\hpdftex.de
f"
File: hpdftex.def 2018/09/30 v6.88a Hyperref driver for pdfTeX
\Fld@listcount=\count109
\c@bookmark@seq@number=\count110

("C:\Users\User\AppData\Local\Programs\MiKTeX 2.9\tex\latex\oberdiek\rerunfilec
heck.sty"
Package: rerunfilecheck 2016/05/16 v1.8 Rerun checks for auxiliary files (HO)
Package uniquecounter Info: New unique counter `rerunfilecheck' on input line 2
82.
)
\Hy@SectionHShift=\skip48
)
\auth@toks=\toks20
\affil@toks=\toks21
\email@toks=\toks22
\c@email@counter=\count111
\affiliationsSep=\skip49
LaTeX Font Info:    Try loading font information for OT1+phv on input line 154.


("C:\Users\User\AppData\Local\Programs\MiKTeX 2.9\tex\latex\psnfss\ot1phv.fd"
File: ot1phv.fd 2001/06/04 scalable font definitions for OT1/phv.
))
("C:\Users\User\AppData\Local\Programs\MiKTeX 2.9\tex\latex\cleveref\cleveref.s
ty"
Package: cleveref 2018/03/27 v0.21.4 Intelligent cross-referencing
Package cleveref Info: `hyperref' support loaded on input line 2370.
LaTeX Info: Redefining \cref on input line 2370.
LaTeX Info: Redefining \Cref on input line 2370.
LaTeX Info: Redefining \crefrange on input line 2370.
LaTeX Info: Redefining \Crefrange on input line 2370.
LaTeX Info: Redefining \cpageref on input line 2370.
LaTeX Info: Redefining \Cpageref on input line 2370.
LaTeX Info: Redefining \cpagerefrange on input line 2370.
LaTeX Info: Redefining \Cpagerefrange on input line 2370.
LaTeX Info: Redefining \labelcref on input line 2370.
LaTeX Info: Redefining \labelcpageref on input line 2370.
)
("C:\Users\User\AppData\Local\Programs\MiKTeX 2.9\tex\latex\xcolor\xcolor.sty"
Package: xcolor 2016/05/11 v2.12 LaTeX color extensions (UK)

("C:\Users\User\AppData\Local\Programs\MiKTeX 2.9\tex\latex\graphics-cfg\color.
cfg"
File: color.cfg 2016/01/02 v1.6 sample color configuration
)
Package xcolor Info: Driver file: pdftex.def on input line 225.
LaTeX Info: Redefining \color on input line 709.
Package xcolor Info: Model `cmy' substituted by `cmy0' on input line 1348.
Package xcolor Info: Model `hsb' substituted by `rgb' on input line 1352.
Package xcolor Info: Model `RGB' extended on input line 1364.
Package xcolor Info: Model `HTML' substituted by `rgb' on input line 1366.
Package xcolor Info: Model `Hsb' substituted by `hsb' on input line 1367.
Package xcolor Info: Model `tHsb' substituted by `hsb' on input line 1368.
Package xcolor Info: Model `HSB' substituted by `hsb' on input line 1369.
Package xcolor Info: Model `Gray' substituted by `gray' on input line 1370.
Package xcolor Info: Model `wave' substituted by `hsb' on input line 1371.
) ("C:\Users\User\AppData\Local\Programs\MiKTeX 2.9\tex\latex\ulem\ulem.sty"
\UL@box=\box28
\UL@hyphenbox=\box29
\UL@skip=\skip50
\UL@hook=\toks23
\UL@height=\dimen120
\UL@pe=\count112
\UL@pixel=\dimen121
\ULC@box=\box30
Package: ulem 2012/05/18
\ULdepth=\dimen122
)
("C:\Users\User\AppData\Local\Programs\MiKTeX 2.9\tex\latex\mathtools\mathtools
.sty"
Package: mathtools 2018/01/08 v1.21 mathematical typesetting tools
 ("C:\Users\User\AppData\Local\Programs\MiKTeX 2.9\tex\latex\tools\calc.sty"
Package: calc 2017/05/25 v4.3 Infix arithmetic (KKT,FJ)
\calc@Acount=\count113
\calc@Bcount=\count114
\calc@Adimen=\dimen123
\calc@Bdimen=\dimen124
\calc@Askip=\skip51
\calc@Bskip=\skip52
LaTeX Info: Redefining \setlength on input line 80.
LaTeX Info: Redefining \addtolength on input line 81.
\calc@Ccount=\count115
\calc@Cskip=\skip53
)
("C:\Users\User\AppData\Local\Programs\MiKTeX 2.9\tex\latex\mathtools\mhsetup.s
ty"
Package: mhsetup 2017/03/31 v1.3 programming setup (MH)
)
LaTeX Info: Thecontrolsequence`\('isalreadyrobust on input line 129.
LaTeX Info: Thecontrolsequence`\)'isalreadyrobust on input line 129.
LaTeX Info: Thecontrolsequence`\['isalreadyrobust on input line 129.
LaTeX Info: Thecontrolsequence`\]'isalreadyrobust on input line 129.
\g_MT_multlinerow_int=\count116
\l_MT_multwidth_dim=\dimen125
\origjot=\skip54
\l_MT_shortvdotswithinadjustabove_dim=\dimen126
\l_MT_shortvdotswithinadjustbelow_dim=\dimen127
\l_MT_above_intertext_sep=\dimen128
\l_MT_below_intertext_sep=\dimen129
\l_MT_above_shortintertext_sep=\dimen130
\l_MT_below_shortintertext_sep=\dimen131
)
("C:\Users\User\AppData\Local\Programs\MiKTeX 2.9\tex\latex\tools\multicol.sty"
Package: multicol 2018/04/20 v1.8s multicolumn formatting (FMi)
\c@tracingmulticols=\count117
\mult@box=\box31
\multicol@leftmargin=\dimen132
\c@unbalance=\count118
\c@collectmore=\count119
\doublecol@number=\count120
\multicoltolerance=\count121
\multicolpretolerance=\count122
\full@width=\dimen133
\page@free=\dimen134
\premulticols=\dimen135
\postmulticols=\dimen136
\multicolsep=\skip55
\multicolbaselineskip=\skip56
\partial@page=\box32
\last@line=\box33
\maxbalancingoverflow=\dimen137
\mult@rightbox=\box34
\mult@grightbox=\box35
\mult@gfirstbox=\box36
\mult@firstbox=\box37
\@tempa=\box38
\@tempa=\box39
\@tempa=\box40
\@tempa=\box41
\@tempa=\box42
\@tempa=\box43
\@tempa=\box44
\@tempa=\box45
\@tempa=\box46
\@tempa=\box47
\@tempa=\box48
\@tempa=\box49
\@tempa=\box50
\@tempa=\box51
\@tempa=\box52
\@tempa=\box53
\@tempa=\box54
\c@columnbadness=\count123
\c@finalcolumnbadness=\count124
\last@try=\dimen138
\multicolovershoot=\dimen139
\multicolundershoot=\dimen140
\mult@nat@firstbox=\box55
\colbreak@box=\box56
\mc@col@check@num=\count125
)
No file "1st paper".aux.
\openout1 = `"1st paper.aux"'.

LaTeX Font Info:    Checking defaults for OML/cmm/m/it on input line 35.
LaTeX Font Info:    ... okay on input line 35.
LaTeX Font Info:    Checking defaults for T1/cmr/m/n on input line 35.
LaTeX Font Info:    ... okay on input line 35.
LaTeX Font Info:    Checking defaults for OT1/cmr/m/n on input line 35.
LaTeX Font Info:    ... okay on input line 35.
LaTeX Font Info:    Checking defaults for OMS/cmsy/m/n on input line 35.
LaTeX Font Info:    ... okay on input line 35.
LaTeX Font Info:    Checking defaults for OMX/cmex/m/n on input line 35.
LaTeX Font Info:    ... okay on input line 35.
LaTeX Font Info:    Checking defaults for U/cmr/m/n on input line 35.
LaTeX Font Info:    ... okay on input line 35.
LaTeX Font Info:    Checking defaults for PD1/pdf/m/n on input line 35.
LaTeX Font Info:    ... okay on input line 35.

("C:\Users\User\AppData\Local\Programs\MiKTeX 2.9\tex\context\base\supp-pdf.mki
i"
[Loading MPS to PDF converter (version 2006.09.02).]
\scratchcounter=\count126
\scratchdimen=\dimen141
\scratchbox=\box57
\nofMPsegments=\count127
\nofMParguments=\count128
\everyMPshowfont=\toks24
\MPscratchCnt=\count129
\MPscratchDim=\dimen142
\MPnumerator=\count130
\makeMPintoPDFobject=\count131
\everyMPtoPDFconversion=\toks25
)
("C:\Users\User\AppData\Local\Programs\MiKTeX 2.9\tex\latex\oberdiek\epstopdf-b
ase.sty"
Package: epstopdf-base 2016/05/15 v2.6 Base part for package epstopdf

("C:\Users\User\AppData\Local\Programs\MiKTeX 2.9\tex\latex\oberdiek\grfext.sty
"
Package: grfext 2016/05/16 v1.2 Manage graphics extensions (HO)
)
Package epstopdf-base Info: Redefining graphics rule for `.eps' on input line 4
38.
Package grfext Info: Graphics extension search list:
(grfext)             [.pdf,.png,.jpg,.mps,.jpeg,.jbig2,.jb2,.PDF,.PNG,.JPG,.JPE
G,.JBIG2,.JB2,.eps]
(grfext)             \AppendGraphicsExtensions on input line 456.
)
\AtBeginShipoutBox=\box58
Package hyperref Info: Link coloring ON on input line 35.

("C:\Users\User\AppData\Local\Programs\MiKTeX 2.9\tex\latex\hyperref\nameref.st
y"
Package: nameref 2016/05/21 v2.44 Cross-referencing by name of section

("C:\Users\User\AppData\Local\Programs\MiKTeX 2.9\tex\generic\oberdiek\gettitle
string.sty"
Package: gettitlestring 2016/05/16 v1.5 Cleanup title references (HO)
)
\c@section@level=\count132
)
LaTeX Info: Redefining \ref on input line 35.
LaTeX Info: Redefining \pageref on input line 35.
LaTeX Info: Redefining \nameref on input line 35.
\@outlinefile=\write3
\openout3 = `"1st paper.out"'.

LaTeX Font Info:    Try loading font information for U+msa on input line 37.

("C:\Users\User\AppData\Local\Programs\MiKTeX 2.9\tex\latex\amsfonts\umsa.fd"
File: umsa.fd 2013/01/14 v3.01 AMS symbols A
)
LaTeX Font Info:    Try loading font information for U+msb on input line 37.

("C:\Users\User\AppData\Local\Programs\MiKTeX 2.9\tex\latex\amsfonts\umsb.fd"
File: umsb.fd 2013/01/14 v3.01 AMS symbols B
)
[0

{C:/Users/User/AppData/Local/MiKTeX/2.9/pdftex/config/pdftex.map}]
\tf@toc=\write4
\openout4 = `"1st paper.toc"'.



Package natbib Warning: Citation `Planck2018' on page 1 undefined on input line
 41.


Package natbib Warning: Citation `DES' on page 1 undefined on input line 41.


Package natbib Warning: Citation `Linde1986' on page 1 undefined on input line 
41.


Package natbib Warning: Citation `Adshead2007' on page 1 undefined on input lin
e 41.


Package natbib Warning: Citation `Guth2001' on page 1 undefined on input line 4
1.


Package natbib Warning: Citation `Susskind2003' on page 1 undefined on input li
ne 41.


Package natbib Warning: Citation `Bousso2000' on page 1 undefined on input line
 41.


Package natbib Warning: Citation `Douglas2003' on page 1 undefined on input lin
e 43.


Package natbib Warning: Citation `GRF1' on page 1 undefined on input line 45.


Package natbib Warning: Citation `GRF2' on page 1 undefined on input line 45.


Package natbib Warning: Citation `GRF3' on page 1 undefined on input line 45.


Package natbib Warning: Citation `Aazami2006' on page 1 undefined on input line
 45.


Package natbib Warning: Citation `Battefeld2012' on page 1 undefined on input l
ine 45.


Package natbib Warning: Citation `Easther2016' on page 1 undefined on input lin
e 45.


Package natbib Warning: Citation `Easther2006' on page 1 undefined on input lin
e 45.


Package natbib Warning: Citation `Frazer2011' on page 1 undefined on input line
 45.


Package natbib Warning: Citation `Henry2009' on page 1 undefined on input line 
45.


Package natbib Warning: Citation `Marsh2013' on page 1 undefined on input line 
45.


Package natbib Warning: Citation `Agarwal2011' on page 1 undefined on input lin
e 45.


Package natbib Warning: Citation `Yang2012' on page 1 undefined on input line 4
5.


Package natbib Warning: Citation `Masoumi2016' on page 1 undefined on input lin
e 45.


Package natbib Warning: Citation `Yamada2018' on page 1 undefined on input line
 45.


Package natbib Warning: Citation `Bray2007' on page 1 undefined on input line 4
5.


Package natbib Warning: Citation `Dean2008' on page 1 undefined on input line 4
5.


Package natbib Warning: Citation `Majumdar2009' on page 1 undefined on input li
ne 45.


Package natbib Warning: Citation `Bachlechner2014' on page 1 undefined on input
 line 45.


Package natbib Warning: Citation `Battefeld2012' on page 1 undefined on input l
ine 45.


Package natbib Warning: Citation `Fyodorov2013' on page 1 undefined on input li
ne 45.


Package natbib Warning: Citation `Masoumi2017' on page 1 undefined on input lin
e 45.


Package natbib Warning: Citation `Fyodorov2004' on page 1 undefined on input li
ne 45.


Package natbib Warning: Citation `Douglas2004' on page 1 undefined on input lin
e 45.


Package natbib Warning: Citation `Douglas2006' on page 1 undefined on input lin
e 45.


Package natbib Warning: Citation `Fyodorov2007' on page 1 undefined on input li
ne 45.


Package natbib Warning: Citation `Fyodorov2012' on page 1 undefined on input li
ne 45.


Package natbib Warning: Citation `Fyodorov2018' on page 1 undefined on input li
ne 45.


Package natbib Warning: Citation `Ros2019' on page 1 undefined on input line 45
.

[1]

Package natbib Warning: Citation `Agrawal2018' on page 2 undefined on input lin
e 53.


Package natbib Warning: Citation `Kac1943' on page 2 undefined on input line 57
.


Package natbib Warning: Citation `Rice1945' on page 2 undefined on input line 5
7.


Package natbib Warning: Citation `BBKS' on page 2 undefined on input line 57.

[2]

Package hyperref Warning: Token not allowed in a PDF string (PDFDocEncoding):
(hyperref)                removing `math shift' on input line 66.


Package hyperref Warning: Token not allowed in a PDF string (PDFDocEncoding):
(hyperref)                removing `math shift' on input line 66.

[3]

LaTeX Warning: Reference `powspec' on page 4 undefined on input line 99.


Package natbib Warning: Citation `BBKS' on page 4 undefined on input line 124.


LaTeX Warning: Reference `corr' on page 4 undefined on input line 136.

[4]

LaTeX Warning: Reference `MultivariateGaussian' on page 5 undefined on input li
ne 147.


LaTeX Warning: Reference `Q' on page 5 undefined on input line 157.


LaTeX Warning: Reference `MultivariateGaussian' on page 5 undefined on input li
ne 157.


Package natbib Warning: Citation `BBKS' on page 5 undefined on input line 171.


Package natbib Warning: Citation `Easther2016' on page 5 undefined on input lin
e 171.

[5]

LaTeX Warning: Reference `BasisTransform' on page 6 undefined on input line 173
.


Package natbib Warning: Citation `BBKS' on page 6 undefined on input line 173.


LaTeX Warning: Reference `BasisTransform' on page 6 undefined on input line 181
.


LaTeX Warning: Reference `Q' on page 6 undefined on input line 187.


Package natbib Warning: Citation `Mehta1990' on page 6 undefined on input line 
193.

[6]

LaTeX Warning: Reference `Q' on page 7 undefined on input line 207.


LaTeX Warning: Reference `Proof' on page 7 undefined on input line 207.


LaTeX Warning: Reference `distributions' on page 7 undefined on input line 210.


Package epstopdf Info: Source file: <PLam_gamma.eps>
(epstopdf)                    date: 2020-01-07 21:22:30
(epstopdf)                    size: 119586 bytes
(epstopdf)             Output file: <PLam_gamma-eps-converted-to.pdf>
(epstopdf)             Command: <epstopdf --outfile=PLam_gamma-eps-converted-to
.pdf PLam_gamma.eps>
(epstopdf)             \includegraphics on input line 215.
runsystem(epstopdf --outfile=PLam_gamma-eps-converted-to.pdf PLam_gamma.eps)...
executed (allowed).

Package epstopdf Info: Result file: <PLam_gamma-eps-converted-to.pdf>
(epstopdf)                    date: 2020-01-30 14:13:50
(epstopdf)                    size: 40326 bytes.


pdfTeX warning: pdflatex (file ./PLam_gamma-eps-converted-to.pdf): PDF inclusio
n: found PDF version <1.7>, but at most version <1.5> allowed
<PLam_gamma-eps-converted-to.pdf, id=86, 361.35pt x 240.9pt>
File: PLam_gamma-eps-converted-to.pdf Graphic file (type pdf)
<use PLam_gamma-eps-converted-to.pdf>
Package pdftex.def Info: PLam_gamma-eps-converted-to.pdf  used on input line 21
5.
(pdftex.def)             Requested size: 197.99866pt x 131.99916pt.
Package epstopdf Info: Source file: <PLam_N.eps>
(epstopdf)                    date: 2020-01-07 21:22:30
(epstopdf)                    size: 107079 bytes
(epstopdf)             Output file: <PLam_N-eps-converted-to.pdf>
(epstopdf)             Command: <epstopdf --outfile=PLam_N-eps-converted-to.pdf
 PLam_N.eps>
(epstopdf)             \includegraphics on input line 216.
runsystem(epstopdf --outfile=PLam_N-eps-converted-to.pdf PLam_N.eps)...executed
 (allowed).

Package epstopdf Info: Result file: <PLam_N-eps-converted-to.pdf>
(epstopdf)                    date: 2020-01-30 14:13:51
(epstopdf)                    size: 36742 bytes.


pdfTeX warning: pdflatex (file ./PLam_N-eps-converted-to.pdf): PDF inclusion: f
ound PDF version <1.7>, but at most version <1.5> allowed
<PLam_N-eps-converted-to.pdf, id=87, 361.35pt x 240.9pt>
File: PLam_N-eps-converted-to.pdf Graphic file (type pdf)
<use PLam_N-eps-converted-to.pdf>
Package pdftex.def Info: PLam_N-eps-converted-to.pdf  used on input line 216.
(pdftex.def)             Requested size: 197.99866pt x 131.99916pt.

LaTeX Warning: Reference `Q' on page 7 undefined on input line 221.


LaTeX Warning: Reference `distributions' on page 7 undefined on input line 221.



LaTeX Warning: Reference `examples1' on page 7 undefined on input line 223.


LaTeX Warning: Reference `distributions' on page 7 undefined on input line 227.


[7 <./PLam_gamma-eps-converted-to.pdf> <./PLam_N-eps-converted-to.pdf>]
<TwoSigmas.png, id=114, 566.115pt x 189.70876pt>
File: TwoSigmas.png Graphic file (type png)
<use TwoSigmas.png>
Package pdftex.def Info: TwoSigmas.png  used on input line 232.
(pdftex.def)             Requested size: 440.0pt x 147.45117pt.


LaTeX Warning: Reference `N6' on page 8 undefined on input line 237.

Package epstopdf Info: Source file: <N369.eps>
(epstopdf)                    date: 2020-01-28 14:27:14
(epstopdf)                    size: 84174 bytes
(epstopdf)             Output file: <N369-eps-converted-to.pdf>
(epstopdf)             Command: <epstopdf --outfile=N369-eps-converted-to.pdf N
369.eps>
(epstopdf)             \includegraphics on input line 241.
runsystem(epstopdf --outfile=N369-eps-converted-to.pdf N369.eps)...executed (al
lowed).

Package epstopdf Info: Result file: <N369-eps-converted-to.pdf>
(epstopdf)                    date: 2020-01-30 14:13:51
(epstopdf)                    size: 32267 bytes.


pdfTeX warning: pdflatex (file ./N369-eps-converted-to.pdf): PDF inclusion: fou
nd PDF version <1.7>, but at most version <1.5> allowed
<N369-eps-converted-to.pdf, id=115, 578.16pt x 332.24126pt>
File: N369-eps-converted-to.pdf Graphic file (type pdf)
<use N369-eps-converted-to.pdf>
Package pdftex.def Info: N369-eps-converted-to.pdf  used on input line 241.
(pdftex.def)             Requested size: 264.00269pt x 151.70737pt.

Package hyperref Warning: Token not allowed in a PDF string (PDFDocEncoding):
(hyperref)                removing `math shift' on input line 247.


Package hyperref Warning: Token not allowed in a PDF string (PDFDocEncoding):
(hyperref)                removing `\Lambda' on input line 247.


Package hyperref Warning: Token not allowed in a PDF string (PDFDocEncoding):
(hyperref)                removing `math shift' on input line 247.


Package hyperref Warning: Token not allowed in a PDF string (PDFDocEncoding):
(hyperref)                removing `math shift' on input line 247.


Package hyperref Warning: Token not allowed in a PDF string (PDFDocEncoding):
(hyperref)                removing `\Lambda' on input line 247.


Package hyperref Warning: Token not allowed in a PDF string (PDFDocEncoding):
(hyperref)                removing `math shift' on input line 247.

[8 <C:/Users/User/Dropbox/PhD project/Gaussian-RF-paper/TwoSigmas.png> <./N369-
eps-converted-to.pdf>]

LaTeX Warning: Reference `PminIntegral' on page 9 undefined on input line 251.


LaTeX Warning: Reference `PminIntegral' on page 9 undefined on input line 251.


LaTeX Warning: Reference `PminIntegral' on page 9 undefined on input line 251.


LaTeX Warning: Reference `denom' on page 9 undefined on input line 279.


LaTeX Warning: Reference `denom' on page 9 undefined on input line 281.


LaTeX Warning: Reference `numer' on page 9 undefined on input line 281.


LaTeX Warning: Reference `plam' on page 9 undefined on input line 281.

[9]
Package epstopdf Info: Source file: <PLam_approx.eps>
(epstopdf)                    date: 2020-01-28 14:27:14
(epstopdf)                    size: 97522 bytes
(epstopdf)             Output file: <PLam_approx-eps-converted-to.pdf>
(epstopdf)             Command: <epstopdf --outfile=PLam_approx-eps-converted-t
o.pdf PLam_approx.eps>
(epstopdf)             \includegraphics on input line 293.
runsystem(epstopdf --outfile=PLam_approx-eps-converted-to.pdf PLam_approx.eps).
..executed (allowed).

Package epstopdf Info: Result file: <PLam_approx-eps-converted-to.pdf>
(epstopdf)                    date: 2020-01-30 14:13:52
(epstopdf)                    size: 30956 bytes.


pdfTeX warning: pdflatex (file ./PLam_approx-eps-converted-to.pdf): PDF inclusi
on: found PDF version <1.7>, but at most version <1.5> allowed
<PLam_approx-eps-converted-to.pdf, id=150, 360.34625pt x 288.07625pt>
File: PLam_approx-eps-converted-to.pdf Graphic file (type pdf)
<use PLam_approx-eps-converted-to.pdf>
Package pdftex.def Info: PLam_approx-eps-converted-to.pdf  used on input line 2
93.
(pdftex.def)             Requested size: 132.00134pt x 105.52718pt.
Package epstopdf Info: Source file: <PLam_approx_log.eps>
(epstopdf)                    date: 2020-01-28 14:27:14
(epstopdf)                    size: 122679 bytes
(epstopdf)             Output file: <PLam_approx_log-eps-converted-to.pdf>
(epstopdf)             Command: <epstopdf --outfile=PLam_approx_log-eps-convert
ed-to.pdf PLam_approx_log.eps>
(epstopdf)             \includegraphics on input line 294.
runsystem(epstopdf --outfile=PLam_approx_log-eps-converted-to.pdf PLam_approx_l
og.eps)...executed (allowed).

Package epstopdf Info: Result file: <PLam_approx_log-eps-converted-to.pdf>
(epstopdf)                    date: 2020-01-30 14:13:52
(epstopdf)                    size: 40272 bytes.


pdfTeX warning: pdflatex (file ./PLam_approx_log-eps-converted-to.pdf): PDF inc
lusion: found PDF version <1.7>, but at most version <1.5> allowed
<PLam_approx_log-eps-converted-to.pdf, id=151, 361.35pt x 301.125pt>
File: PLam_approx_log-eps-converted-to.pdf Graphic file (type pdf)
<use PLam_approx_log-eps-converted-to.pdf>
Package pdftex.def Info: PLam_approx_log-eps-converted-to.pdf  used on input li
ne 294.
(pdftex.def)             Requested size: 132.00134pt x 109.9993pt.
Package epstopdf Info: Source file: <PLam_ratio.eps>
(epstopdf)                    date: 2020-01-28 14:27:14
(epstopdf)                    size: 66815 bytes
(epstopdf)             Output file: <PLam_ratio-eps-converted-to.pdf>
(epstopdf)             Command: <epstopdf --outfile=PLam_ratio-eps-converted-to
.pdf PLam_ratio.eps>
(epstopdf)             \includegraphics on input line 295.
runsystem(epstopdf --outfile=PLam_ratio-eps-converted-to.pdf PLam_ratio.eps)...
executed (allowed).

Package epstopdf Info: Result file: <PLam_ratio-eps-converted-to.pdf>
(epstopdf)                    date: 2020-01-30 14:13:53
(epstopdf)                    size: 25808 bytes.


pdfTeX warning: pdflatex (file ./PLam_ratio-eps-converted-to.pdf): PDF inclusio
n: found PDF version <1.7>, but at most version <1.5> allowed
<PLam_ratio-eps-converted-to.pdf, id=152, 361.35pt x 287.0725pt>
File: PLam_ratio-eps-converted-to.pdf Graphic file (type pdf)
<use PLam_ratio-eps-converted-to.pdf>
Package pdftex.def Info: PLam_ratio-eps-converted-to.pdf  used on input line 29
5.
(pdftex.def)             Requested size: 132.00134pt x 104.866pt.
Package epstopdf Info: Source file: <errcontour.eps>
(epstopdf)                    date: 2020-01-30 14:07:16
(epstopdf)                    size: 2377887 bytes
(epstopdf)             Output file: <errcontour-eps-converted-to.pdf>
(epstopdf)             Command: <epstopdf --outfile=errcontour-eps-converted-to
.pdf errcontour.eps>
(epstopdf)             \includegraphics on input line 303.
runsystem(epstopdf --outfile=errcontour-eps-converted-to.pdf errcontour.eps)...
executed (allowed).

Package epstopdf Info: Result file: <errcontour-eps-converted-to.pdf>
(epstopdf)                    date: 2020-01-30 14:13:55
(epstopdf)                    size: 297315 bytes.


pdfTeX warning: pdflatex (file ./errcontour-eps-converted-to.pdf): PDF inclusio
n: found PDF version <1.7>, but at most version <1.5> allowed
<errcontour-eps-converted-to.pdf, id=153, 305.14pt x 258.9675pt>
File: errcontour-eps-converted-to.pdf Graphic file (type pdf)
<use errcontour-eps-converted-to.pdf>
Package pdftex.def Info: errcontour-eps-converted-to.pdf  used on input line 30
3.
(pdftex.def)             Requested size: 264.00269pt x 224.06305pt.
! Undefined control sequence.
<argument> ...$ is for the relative error to \emh 
                                                  {decrease}. \SH {someone a...
l.304 ... we want (i.e. by multiplying by 100)).}}
                                                  
? 
! Undefined control sequence.
<argument> ...$ is for the relative error to \emh 
                                                  {decrease}. \SH {someone a...
l.304 ... we want (i.e. by multiplying by 100)).}}
                                                  
? 
! Undefined control sequence.
<argument> ...$ is for the relative error to \emh 
                                                  {decrease}. \SH {someone a...
l.304 ... we want (i.e. by multiplying by 100)).}}
                                                  
? 

LaTeX Warning: Reference `Comparison' on page 10 undefined on input line 310.


LaTeX Warning: Reference `errcontour' on page 10 undefined on input line 312.

[10 <./PLam_approx-eps-converted-to.pdf> <./PLam_approx_log-eps-converted-to.pd
f> <./PLam_ratio-eps-converted-to.pdf>]
Package epstopdf Info: Source file: <pwithN.eps>
(epstopdf)                    date: 2020-01-07 21:22:30
(epstopdf)                    size: 74683 bytes
(epstopdf)             Output file: <pwithN-eps-converted-to.pdf>
(epstopdf)             Command: <epstopdf --outfile=pwithN-eps-converted-to.pdf
 pwithN.eps>
(epstopdf)             \includegraphics on input line 329.
runsystem(epstopdf --outfile=pwithN-eps-converted-to.pdf pwithN.eps)...executed
 (allowed).

Package epstopdf Info: Result file: <pwithN-eps-converted-to.pdf>
(epstopdf)                    date: 2020-01-30 14:14:00
(epstopdf)                    size: 25442 bytes.


pdfTeX warning: pdflatex (file ./pwithN-eps-converted-to.pdf): PDF inclusion: f
ound PDF version <1.7>, but at most version <1.5> allowed
<pwithN-eps-converted-to.pdf, id=198, 361.35pt x 223.83624pt>
File: pwithN-eps-converted-to.pdf Graphic file (type pdf)
<use pwithN-eps-converted-to.pdf>
Package pdftex.def Info: pwithN-eps-converted-to.pdf  used on input line 329.
(pdftex.def)             Requested size: 264.00269pt x 163.5357pt.

LaTeX Warning: Reference `PVaryingWithNGaussian' on page 11 undefined on input 
line 334.


LaTeX Warning: Reference `PminIntegral' on page 11 undefined on input line 334.


Package epstopdf Info: Source file: <histo.eps>
(epstopdf)                    date: 2020-01-08 14:35:59
(epstopdf)                    size: 338255 bytes
(epstopdf)             Output file: <histo-eps-converted-to.pdf>
(epstopdf)             Command: <epstopdf --outfile=histo-eps-converted-to.pdf 
histo.eps>
(epstopdf)             \includegraphics on input line 340.
runsystem(epstopdf --outfile=histo-eps-converted-to.pdf histo.eps)...executed (
allowed).

Package epstopdf Info: Result file: <histo-eps-converted-to.pdf>
(epstopdf)                    date: 2020-01-30 14:14:01
(epstopdf)                    size: 82020 bytes.


pdfTeX warning: pdflatex (file ./histo-eps-converted-to.pdf): PDF inclusion: fo
und PDF version <1.7>, but at most version <1.5> allowed
<histo-eps-converted-to.pdf, id=199, 419.5675pt x 354.32375pt>
File: histo-eps-converted-to.pdf Graphic file (type pdf)
<use histo-eps-converted-to.pdf>
Package pdftex.def Info: histo-eps-converted-to.pdf  used on input line 340.
(pdftex.def)             Requested size: 264.00269pt x 222.9494pt.
[11 <./errcontour-eps-converted-to.pdf>]

LaTeX Warning: Reference `fullcontourplot' on page 12 undefined on input line 3
45.

[12 <./pwithN-eps-converted-to.pdf> <./histo-eps-converted-to.pdf>]

LaTeX Warning: Reference `PminIntegral' on page 13 undefined on input line 350.


Package epstopdf Info: Source file: <eign.eps>
(epstopdf)                    date: 2020-01-24 19:29:29
(epstopdf)                    size: 160065 bytes
(epstopdf)             Output file: <eign-eps-converted-to.pdf>
(epstopdf)             Command: <epstopdf --outfile=eign-eps-converted-to.pdf e
ign.eps>
(epstopdf)             \includegraphics on input line 354.
runsystem(epstopdf --outfile=eign-eps-converted-to.pdf eign.eps)...executed (al
lowed).

Package epstopdf Info: Result file: <eign-eps-converted-to.pdf>
(epstopdf)                    date: 2020-01-30 14:14:01
(epstopdf)                    size: 50628 bytes.


pdfTeX warning: pdflatex (file ./eign-eps-converted-to.pdf): PDF inclusion: fou
nd PDF version <1.7>, but at most version <1.5> allowed
<eign-eps-converted-to.pdf, id=277, 946.53625pt x 613.29124pt>
File: eign-eps-converted-to.pdf Graphic file (type pdf)
<use eign-eps-converted-to.pdf>
Package pdftex.def Info: eign-eps-converted-to.pdf  used on input line 354.
(pdftex.def)             Requested size: 395.99731pt x 256.57924pt.

LaTeX Warning: Reference `eigen' on page 13 undefined on input line 359.


LaTeX Warning: Reference `corr' on page 13 undefined on input line 359.

[13 <./eign-eps-converted-to.pdf>]
Package epstopdf Info: Source file: <h1_100.eps>
(epstopdf)                    date: 2020-01-24 19:29:29
(epstopdf)                    size: 72315 bytes
(epstopdf)             Output file: <h1_100-eps-converted-to.pdf>
(epstopdf)             Command: <epstopdf --outfile=h1_100-eps-converted-to.pdf
 h1_100.eps>
(epstopdf)             \includegraphics on input line 363.
runsystem(epstopdf --outfile=h1_100-eps-converted-to.pdf h1_100.eps)...executed
 (allowed).

Package epstopdf Info: Result file: <h1_100-eps-converted-to.pdf>
(epstopdf)                    date: 2020-01-30 14:14:02
(epstopdf)                    size: 34023 bytes.


pdfTeX warning: pdflatex (file ./h1_100-eps-converted-to.pdf): PDF inclusion: f
ound PDF version <1.7>, but at most version <1.5> allowed
<h1_100-eps-converted-to.pdf, id=304, 361.35pt x 205.76875pt>
File: h1_100-eps-converted-to.pdf Graphic file (type pdf)
<use h1_100-eps-converted-to.pdf>
Package pdftex.def Info: h1_100-eps-converted-to.pdf  used on input line 363.
(pdftex.def)             Requested size: 197.99866pt x 112.74928pt.
Package epstopdf Info: Source file: <h2_100.eps>
(epstopdf)                    date: 2020-01-24 19:29:29
(epstopdf)                    size: 64083 bytes
(epstopdf)             Output file: <h2_100-eps-converted-to.pdf>
(epstopdf)             Command: <epstopdf --outfile=h2_100-eps-converted-to.pdf
 h2_100.eps>
(epstopdf)             \includegraphics on input line 363.
runsystem(epstopdf --outfile=h2_100-eps-converted-to.pdf h2_100.eps)...executed
 (allowed).

Package epstopdf Info: Result file: <h2_100-eps-converted-to.pdf>
(epstopdf)                    date: 2020-01-30 14:14:02
(epstopdf)                    size: 28040 bytes.


pdfTeX warning: pdflatex (file ./h2_100-eps-converted-to.pdf): PDF inclusion: f
ound PDF version <1.7>, but at most version <1.5> allowed
<h2_100-eps-converted-to.pdf, id=305, 360.34625pt x 201.75375pt>
File: h2_100-eps-converted-to.pdf Graphic file (type pdf)
<use h2_100-eps-converted-to.pdf>
Package pdftex.def Info: h2_100-eps-converted-to.pdf  used on input line 363.
(pdftex.def)             Requested size: 197.99866pt x 110.85715pt.
Package epstopdf Info: Source file: <l1_100.eps>
(epstopdf)                    date: 2020-01-24 19:29:29
(epstopdf)                    size: 134812 bytes
(epstopdf)             Output file: <l1_100-eps-converted-to.pdf>
(epstopdf)             Command: <epstopdf --outfile=l1_100-eps-converted-to.pdf
 l1_100.eps>
(epstopdf)             \includegraphics on input line 370.
runsystem(epstopdf --outfile=l1_100-eps-converted-to.pdf l1_100.eps)...executed
 (allowed).

Package epstopdf Info: Result file: <l1_100-eps-converted-to.pdf>
(epstopdf)                    date: 2020-01-30 14:14:03
(epstopdf)                    size: 42209 bytes.


pdfTeX warning: pdflatex (file ./l1_100-eps-converted-to.pdf): PDF inclusion: f
ound PDF version <1.7>, but at most version <1.5> allowed
<l1_100-eps-converted-to.pdf, id=306, 357.335pt x 243.91125pt>
File: l1_100-eps-converted-to.pdf Graphic file (type pdf)
<use l1_100-eps-converted-to.pdf>
Package pdftex.def Info: l1_100-eps-converted-to.pdf  used on input line 370.
(pdftex.def)             Requested size: 197.99866pt x 135.15276pt.
Package epstopdf Info: Source file: <l2_100.eps>
(epstopdf)                    date: 2020-01-24 19:29:29
(epstopdf)                    size: 72285 bytes
(epstopdf)             Output file: <l2_100-eps-converted-to.pdf>
(epstopdf)             Command: <epstopdf --outfile=l2_100-eps-converted-to.pdf
 l2_100.eps>
(epstopdf)             \includegraphics on input line 370.
runsystem(epstopdf --outfile=l2_100-eps-converted-to.pdf l2_100.eps)...executed
 (allowed).

Package epstopdf Info: Result file: <l2_100-eps-converted-to.pdf>
(epstopdf)                    date: 2020-01-30 14:14:03
(epstopdf)                    size: 23878 bytes.


pdfTeX warning: pdflatex (file ./l2_100-eps-converted-to.pdf): PDF inclusion: f
ound PDF version <1.7>, but at most version <1.5> allowed
<l2_100-eps-converted-to.pdf, id=307, 354.32375pt x 219.82124pt>
File: l2_100-eps-converted-to.pdf Graphic file (type pdf)
<use l2_100-eps-converted-to.pdf>
Package pdftex.def Info: l2_100-eps-converted-to.pdf  used on input line 370.
(pdftex.def)             Requested size: 197.99866pt x 122.84077pt.

LaTeX Warning: Reference `eigendist1' on page 14 undefined on input line 375.

[14 <./h1_100-eps-converted-to.pdf> <./h2_100-eps-converted-to.pdf> <./l1_100-e
ps-converted-to.pdf> <./l2_100-eps-converted-to.pdf>]

LaTeX Warning: Reference `eigendist2' on page 15 undefined on input line 377.

Package epstopdf Info: Source file: <ratio.eps>
(epstopdf)                    date: 2020-01-24 19:29:29
(epstopdf)                    size: 22627 bytes
(epstopdf)             Output file: <ratio-eps-converted-to.pdf>
(epstopdf)             Command: <epstopdf --outfile=ratio-eps-converted-to.pdf 
ratio.eps>
(epstopdf)             \includegraphics on input line 381.
runsystem(epstopdf --outfile=ratio-eps-converted-to.pdf ratio.eps)...executed (
allowed).

Package epstopdf Info: Result file: <ratio-eps-converted-to.pdf>
(epstopdf)                    date: 2020-01-30 14:14:04
(epstopdf)                    size: 9865 bytes.


pdfTeX warning: pdflatex (file ./ratio-eps-converted-to.pdf): PDF inclusion: fo
und PDF version <1.7>, but at most version <1.5> allowed
<ratio-eps-converted-to.pdf, id=378, 361.35pt x 217.81375pt>
File: ratio-eps-converted-to.pdf Graphic file (type pdf)
<use ratio-eps-converted-to.pdf>
Package pdftex.def Info: ratio-eps-converted-to.pdf  used on input line 381.
(pdftex.def)             Requested size: 264.00269pt x 159.13564pt.

LaTeX Warning: Reference `ratio' on page 15 undefined on input line 386.


LaTeX Warning: Reference `DensityOfPeaks' on page 15 undefined on input line 39
5.

[15 <./ratio-eps-converted-to.pdf>]

Package hyperref Warning: Token not allowed in a PDF string (PDFDocEncoding):
(hyperref)                removing `math shift' on input line 437.


Package hyperref Warning: Token not allowed in a PDF string (PDFDocEncoding):
(hyperref)                removing `\sigma' on input line 437.


Package hyperref Warning: Token not allowed in a PDF string (PDFDocEncoding):
(hyperref)                removing `subscript' on input line 437.


Package hyperref Warning: Token not allowed in a PDF string (PDFDocEncoding):
(hyperref)                removing `superscript' on input line 437.


Package hyperref Warning: Token not allowed in a PDF string (PDFDocEncoding):
(hyperref)                removing `\sigma' on input line 437.


Package hyperref Warning: Token not allowed in a PDF string (PDFDocEncoding):
(hyperref)                removing `subscript' on input line 437.


Package hyperref Warning: Token not allowed in a PDF string (PDFDocEncoding):
(hyperref)                removing `\sigma' on input line 437.


Package hyperref Warning: Token not allowed in a PDF string (PDFDocEncoding):
(hyperref)                removing `subscript' on input line 437.


Package hyperref Warning: Token not allowed in a PDF string (PDFDocEncoding):
(hyperref)                removing `math shift' on input line 437.

[16] [17]

Package natbib Warning: There were undefined citations.

Package atveryend Info: Empty hook `BeforeClearDocument' on input line 504.
[18]
Package atveryend Info: Empty hook `AfterLastShipout' on input line 504.
 ("1st paper.aux"

Package natbib Warning: Citation(s) may have changed.
(natbib)                Rerun to get citations correct.

)
Package atveryend Info: Executing hook `AtVeryEndDocument' on input line 504.
Package atveryend Info: Executing hook `AtEndAfterFileList' on input line 504.


Package rerunfilecheck Warning: File `"1st paper".out' has changed.
(rerunfilecheck)                Rerun to get outlines right
(rerunfilecheck)                or use package `bookmark'.

Package rerunfilecheck Info: Checksums for `"1st paper".out':
(rerunfilecheck)             Before: <no file>
(rerunfilecheck)             After:  CB06EFADC9C68CE3FDFD21DD26F9CCCD;533.

LaTeX Warning: There were undefined references.


LaTeX Warning: Label(s) may have changed. Rerun to get cross-references right.

Package atveryend Info: Empty hook `AtVeryVeryEnd' on input line 504.
 ) 
Here is how much of TeX's memory you used:
 9561 strings out of 492969
 154118 string characters out of 3127029
 246264 words of memory out of 3000000
 13206 multiletter control sequences out of 15000+200000
 19730 words of font info for 73 fonts, out of 3000000 for 9000
 1141 hyphenation exceptions out of 8191
 39i,19n,35p,2362b,517s stack positions out of 5000i,500n,10000p,200000b,50000s
<C:/Users/User/AppData/Local/Programs/MiKTeX 2.9/fonts/type1/public/amsfonts/
cm/cmbx10.pfb><C:/Users/User/AppData/Local/Programs/MiKTeX 2.9/fonts/type1/publ
ic/amsfonts/cm/cmbx12.pfb><C:/Users/User/AppData/Local/Programs/MiKTeX 2.9/font
s/type1/public/amsfonts/cm/cmcsc10.pfb><C:/Users/User/AppData/Local/Programs/Mi
KTeX 2.9/fonts/type1/public/amsfonts/cm/cmex10.pfb><C:/Users/User/AppData/Local
/Programs/MiKTeX 2.9/fonts/type1/public/amsfonts/cm/cmmi10.pfb><C:/Users/User/A
ppData/Local/Programs/MiKTeX 2.9/fonts/type1/public/amsfonts/cm/cmmi12.pfb><C:/
Users/User/AppData/Local/Programs/MiKTeX 2.9/fonts/type1/public/amsfonts/cm/cmm
i7.pfb><C:/Users/User/AppData/Local/Programs/MiKTeX 2.9/fonts/type1/public/amsf
onts/cm/cmmi8.pfb><C:/Users/User/AppData/Local/Programs/MiKTeX 2.9/fonts/type1/
public/amsfonts/cm/cmr10.pfb><C:/Users/User/AppData/Local/Programs/MiKTeX 2.9/f
onts/type1/public/amsfonts/cm/cmr12.pfb><C:/Users/User/AppData/Local/Programs/M
iKTeX 2.9/fonts/type1/public/amsfonts/cm/cmr6.pfb><C:/Users/User/AppData/Local/
Programs/MiKTeX 2.9/fonts/type1/public/amsfonts/cm/cmr7.pfb><C:/Users/User/AppD
ata/Local/Programs/MiKTeX 2.9/fonts/type1/public/amsfonts/cm/cmr8.pfb><C:/Users
/User/AppData/Local/Programs/MiKTeX 2.9/fonts/type1/public/amsfonts/cm/cmssbx10
.pfb><C:/Users/User/AppData/Local/Programs/MiKTeX 2.9/fonts/type1/public/amsfon
ts/cm/cmsy10.pfb><C:/Users/User/AppData/Local/Programs/MiKTeX 2.9/fonts/type1/p
ublic/amsfonts/cm/cmsy8.pfb><C:/Users/User/AppData/Local/Programs/MiKTeX 2.9/fo
nts/type1/public/amsfonts/cm/cmti10.pfb><C:/Users/User/AppData/Local/Programs/M
iKTeX 2.9/fonts/type1/public/amsfonts/cm/cmti12.pfb><C:/Users/User/AppData/Loca
l/Programs/MiKTeX 2.9/fonts/type1/public/amsfonts/symbols/msam10.pfb>
Output written on "1st paper.pdf" (19 pages, 1127583 bytes).
PDF statistics:
 535 PDF objects out of 1000 (max. 8388607)
 113 named destinations out of 1000 (max. 500000)
 81 words of extra memory for PDF output out of 10000 (max. 10000000)

